{
  "stats": {
    "suites": 1,
    "tests": 1,
    "passes": 1,
    "pending": 0,
    "failures": 0,
    "start": "2023-10-10T03:18:41.807Z",
    "end": "2023-10-10T03:18:44.944Z",
    "duration": 3137,
    "testsRegistered": 1,
    "passPercent": 100,
    "pendingPercent": 0,
    "other": 0,
    "hasOther": false,
    "skipped": 0,
    "hasSkipped": false
  },
  "results": [
    {
      "uuid": "2b5e1aa3-99f6-422e-a1cf-e03b7edf8370",
      "title": "",
      "fullFile": "cypress\\e2e\\e2e-spec.cy.js",
      "file": "cypress\\e2e\\e2e-spec.cy.js",
      "beforeHooks": [],
      "afterHooks": [],
      "tests": [],
      "suites": [
        {
          "uuid": "47da295e-15f3-42e4-84eb-7f3f5bfd6bd1",
          "title": "template-hz11",
          "fullFile": "",
          "file": "",
          "beforeHooks": [],
          "afterHooks": [],
          "tests": [
            {
              "title": "passes",
              "fullTitle": "template-hz11 passes",
              "timedOut": null,
              "duration": 3055,
              "state": "passed",
              "speed": "fast",
              "pass": true,
              "fail": false,
              "pending": false,
              "context": null,
              "code": "cy.visit('https://main.d8770hxk753d4.amplifyapp.com/');",
              "err": {},
              "uuid": "52cacb03-8985-4026-80a0-c3b57cf1dd98",
              "parentUUID": "47da295e-15f3-42e4-84eb-7f3f5bfd6bd1",
              "isHook": false,
              "skipped": false
            }
          ],
          "suites": [],
          "passes": [
            "52cacb03-8985-4026-80a0-c3b57cf1dd98"
          ],
          "failures": [],
          "pending": [],
          "skipped": [],
          "duration": 3055,
          "root": false,
          "rootEmpty": false,
          "_timeout": 2000
        }
      ],
      "passes": [],
      "failures": [],
      "pending": [],
      "skipped": [],
      "duration": 0,
      "root": true,
      "rootEmpty": true,
      "_timeout": 2000
    }
  ],
  "meta": {
    "mocha": {
      "version": "7.0.1"
    },
    "mochawesome": {
      "options": {
        "quiet": false,
        "reportFilename": "mochawesome",
        "saveHtml": false,
        "saveJson": true,
        "consoleReporter": "spec",
        "useInlineDiffs": false,
        "code": true
      },
      "version": "7.1.3"
    },
    "marge": {
      "options": {
        "reportDir": "cypress/report/mochawesome-report",
        "overwrite": false,
        "html": false,
        "json": true,
        "timestamp": "mmddyyyy_HHMMss"
      },
      "version": "6.2.0"
    }
  }
}