{
  "stats": {
    "suites": 1,
    "tests": 1,
    "passes": 0,
    "pending": 0,
    "failures": 1,
    "start": "2023-10-19T03:10:21.093Z",
    "end": "2023-10-19T03:10:27.173Z",
    "duration": 6080,
    "testsRegistered": 1,
    "passPercent": 0,
    "pendingPercent": 0,
    "other": 0,
    "hasOther": false,
    "skipped": 0,
    "hasSkipped": false
  },
  "results": [
    {
      "uuid": "a000a8d0-6561-4bcf-9cff-06154d833acd",
      "title": "",
      "fullFile": "cypress\\e2e\\fail-test.cy.js",
      "file": "cypress\\e2e\\fail-test.cy.js",
      "beforeHooks": [],
      "afterHooks": [],
      "tests": [],
      "suites": [
        {
          "uuid": "029e7afd-fee7-4fb3-970d-9c7740f45279",
          "title": "Confirm fail444",
          "fullFile": "",
          "file": "",
          "beforeHooks": [],
          "afterHooks": [],
          "tests": [
            {
              "title": "Failling",
              "fullTitle": "Confirm fail444 Failling",
              "timedOut": null,
              "duration": 5618,
              "state": "failed",
              "speed": null,
              "pass": false,
              "fail": true,
              "pending": false,
              "context": null,
              "code": "cy.get(\"h1\").contains(\"itchen\");",
              "err": {
                "message": "AssertionError: Timed out retrying after 4000ms: Expected to find content: 'itchen' within the element: <h1.txt-white> but never did.",
                "estack": "AssertionError: Timed out retrying after 4000ms: Expected to find content: 'itchen' within the element: <h1.txt-white> but never did.\n    at Context.eval (webpack://pizzatime/./cypress/e2e/fail-test.cy.js:17:17)",
                "diff": null
              },
              "uuid": "057aaf2d-7f72-43b3-abce-6c34d52beeeb",
              "parentUUID": "029e7afd-fee7-4fb3-970d-9c7740f45279",
              "isHook": false,
              "skipped": false
            }
          ],
          "suites": [],
          "passes": [],
          "failures": [
            "057aaf2d-7f72-43b3-abce-6c34d52beeeb"
          ],
          "pending": [],
          "skipped": [],
          "duration": 5618,
          "root": false,
          "rootEmpty": false,
          "_timeout": 2000
        }
      ],
      "passes": [],
      "failures": [],
      "pending": [],
      "skipped": [],
      "duration": 0,
      "root": true,
      "rootEmpty": true,
      "_timeout": 2000
    }
  ],
  "meta": {
    "mocha": {
      "version": "7.0.1"
    },
    "mochawesome": {
      "options": {
        "quiet": false,
        "reportFilename": "mochawesome",
        "saveHtml": false,
        "saveJson": true,
        "consoleReporter": "spec",
        "useInlineDiffs": false,
        "code": true
      },
      "version": "7.1.3"
    },
    "marge": {
      "options": {
        "reportDir": "cypress/report/mochawesome-report",
        "overwrite": false,
        "html": false,
        "json": true,
        "timestamp": "mmddyyyy_HHMMss"
      },
      "version": "6.2.0"
    }
  }
}